# JRE version: OpenJDK Runtime Environment (8.0_152-b01) (build 1.8.0_152-release-915-b01)
# Java VM: OpenJDK 64-Bit Server VM (25.152-b01 mixed mode windows-amd64 compressed oops)
Heap:
 PSYoungGen      total 188928K, used 178270K [0x00000000e0000000, 0x00000000ecc80000, 0x0000000100000000)
  eden space 171520K, 98% used [0x00000000e0000000,0x00000000ea567578,0x00000000ea780000)
  from space 17408K, 51% used [0x00000000ea780000,0x00000000eb0303b0,0x00000000eb880000)
  to   space 16896K, 0% used [0x00000000ebc00000,0x00000000ebc00000,0x00000000ecc80000)
 ParOldGen       total 344576K, used 60585K [0x00000000a0000000, 0x00000000b5080000, 0x00000000e0000000)
  object space 344576K, 17% used [0x00000000a0000000,0x00000000a3b2a630,0x00000000b5080000)
 Metaspace       used 87526K, capacity 97858K, committed 99404K, reserved 1134592K
  class space    used 10985K, capacity 13673K, committed 13952K, reserved 1048576K
GC Heap History (10 events):
Event: 23077.050 GC heap before
{Heap before GC invocations=89 (full 4):
 PSYoungGen      total 179200K, used 174128K [0x00000000e0000000, 0x00000000ec100000, 0x0000000100000000)
  eden space 163840K, 100% used [0x00000000e0000000,0x00000000ea000000,0x00000000ea000000)
  from space 15360K, 66% used [0x00000000eb200000,0x00000000ebc0c070,0x00000000ec100000)
  to   space 16896K, 0% used [0x00000000ea000000,0x00000000ea000000,0x00000000eb080000)
 ParOldGen       total 344576K, used 60117K [0x00000000a0000000, 0x00000000b5080000, 0x00000000e0000000)
  object space 344576K, 17% used [0x00000000a0000000,0x00000000a3ab5490,0x00000000b5080000)
 Metaspace       used 87217K, capacity 97392K, committed 99148K, reserved 1134592K
  class space    used 10942K, capacity 13536K, committed 13952K, reserved 1048576K
Event: 23077.059 GC heap after
Heap after GC invocations=89 (full 4):
 PSYoungGen      total 180736K, used 16487K [0x00000000e0000000, 0x00000000eca80000, 0x0000000100000000)
  eden space 163840K, 0% used [0x00000000e0000000,0x00000000e0000000,0x00000000ea000000)
  from space 16896K, 97% used [0x00000000ea000000,0x00000000eb019ff0,0x00000000eb080000)
  to   space 18944K, 0% used [0x00000000eb800000,0x00000000eb800000,0x00000000eca80000)
 ParOldGen       total 344576K, used 60117K [0x00000000a0000000, 0x00000000b5080000, 0x00000000e0000000)
  object space 344576K, 17% used [0x00000000a0000000,0x00000000a3ab5490,0x00000000b5080000)
 Metaspace       used 87217K, capacity 97392K, committed 99148K, reserved 1134592K
  class space    used 10942K, capacity 13536K, committed 13952K, reserved 1048576K
}
Event: 23237.023 GC heap before
{Heap before GC invocations=90 (full 4):
 PSYoungGen      total 180736K, used 180327K [0x00000000e0000000, 0x00000000eca80000, 0x0000000100000000)
  eden space 163840K, 100% used [0x00000000e0000000,0x00000000ea000000,0x00000000ea000000)
  from space 16896K, 97% used [0x00000000ea000000,0x00000000eb019ff0,0x00000000eb080000)
  to   space 18944K, 0% used [0x00000000eb800000,0x00000000eb800000,0x00000000eca80000)
 ParOldGen       total 344576K, used 60117K [0x00000000a0000000, 0x00000000b5080000, 0x00000000e0000000)
  object space 344576K, 17% used [0x00000000a0000000,0x00000000a3ab5490,0x00000000b5080000)
 Metaspace       used 87339K, capacity 97578K, committed 99148K, reserved 1134592K
  class space    used 10959K, capacity 13587K, committed 13952K, reserved 1048576K
Event: 23237.030 GC heap after
Heap after GC invocations=90 (full 4):
 PSYoungGen      total 185344K, used 8598K [0x00000000e0000000, 0x00000000ec880000, 0x0000000100000000)
  eden space 168448K, 0% used [0x00000000e0000000,0x00000000e0000000,0x00000000ea480000)
  from space 16896K, 50% used [0x00000000eb800000,0x00000000ec0658b8,0x00000000ec880000)
  to   space 18432K, 0% used [0x00000000ea480000,0x00000000ea480000,0x00000000eb680000)
 ParOldGen       total 344576K, used 60125K [0x00000000a0000000, 0x00000000b5080000, 0x00000000e0000000)
  object space 344576K, 17% used [0x00000000a0000000,0x00000000a3ab7490,0x00000000b5080000)
 Metaspace       used 87339K, capacity 97578K, committed 99148K, reserved 1134592K
  class space    used 10959K, capacity 13587K, committed 13952K, reserved 1048576K
}
Event: 23288.132 GC heap before
{Heap before GC invocations=91 (full 4):
 PSYoungGen      total 185344K, used 177046K [0x00000000e0000000, 0x00000000ec880000, 0x0000000100000000)
  eden space 168448K, 100% used [0x00000000e0000000,0x00000000ea480000,0x00000000ea480000)
  from space 16896K, 50% used [0x00000000eb800000,0x00000000ec0658b8,0x00000000ec880000)
  to   space 18432K, 0% used [0x00000000ea480000,0x00000000ea480000,0x00000000eb680000)
 ParOldGen       total 344576K, used 60125K [0x00000000a0000000, 0x00000000b5080000, 0x00000000e0000000)
  object space 344576K, 17% used [0x00000000a0000000,0x00000000a3ab7490,0x00000000b5080000)
 Metaspace       used 87415K, capacity 97704K, committed 99148K, reserved 1134592K
  class space    used 10971K, capacity 13628K, committed 13952K, reserved 1048576K
Event: 23288.138 GC heap after
Heap after GC invocations=91 (full 4):
 PSYoungGen      total 186880K, used 8427K [0x00000000e0000000, 0x00000000ecb80000, 0x0000000100000000)
  eden space 168448K, 0% used [0x00000000e0000000,0x00000000e0000000,0x00000000ea480000)
  from space 18432K, 45% used [0x00000000ea480000,0x00000000eacbaee8,0x00000000eb680000)
  to   space 17920K, 0% used [0x00000000eba00000,0x00000000eba00000,0x00000000ecb80000)
 ParOldGen       total 344576K, used 60133K [0x00000000a0000000, 0x00000000b5080000, 0x00000000e0000000)
  object space 344576K, 17% used [0x00000000a0000000,0x00000000a3ab9490,0x00000000b5080000)
 Metaspace       used 87415K, capacity 97704K, committed 99148K, reserved 1134592K
  class space    used 10971K, capacity 13628K, committed 13952K, reserved 1048576K
}
Event: 23402.182 GC heap before
{Heap before GC invocations=92 (full 4):
 PSYoungGen      total 186880K, used 176875K [0x00000000e0000000, 0x00000000ecb80000, 0x0000000100000000)
  eden space 168448K, 100% used [0x00000000e0000000,0x00000000ea480000,0x00000000ea480000)
  from space 18432K, 45% used [0x00000000ea480000,0x00000000eacbaee8,0x00000000eb680000)
  to   space 17920K, 0% used [0x00000000eba00000,0x00000000eba00000,0x00000000ecb80000)
 ParOldGen       total 344576K, used 60133K [0x00000000a0000000, 0x00000000b5080000, 0x00000000e0000000)
  object space 344576K, 17% used [0x00000000a0000000,0x00000000a3ab9490,0x00000000b5080000)
 Metaspace       used 87487K, capacity 97858K, committed 99404K, reserved 1134592K
  class space    used 10985K, capacity 13673K, committed 13952K, reserved 1048576K
Event: 23402.189 GC heap after
Heap after GC invocations=92 (full 4):
 PSYoungGen      total 187392K, used 6028K [0x00000000e0000000, 0x00000000ec980000, 0x0000000100000000)
  eden space 171520K, 0% used [0x00000000e0000000,0x00000000e0000000,0x00000000ea780000)
  from space 15872K, 37% used [0x00000000eba00000,0x00000000ebfe31d0,0x00000000ec980000)
  to   space 17408K, 0% used [0x00000000ea780000,0x00000000ea780000,0x00000000eb880000)
 ParOldGen       total 344576K, used 60313K [0x00000000a0000000, 0x00000000b5080000, 0x00000000e0000000)
  object space 344576K, 17% used [0x00000000a0000000,0x00000000a3ae67b0,0x00000000b5080000)
 Metaspace       used 87487K, capacity 97858K, committed 99404K, reserved 1134592K
  class space    used 10985K, capacity 13673K, committed 13952K, reserved 1048576K
}
Event: 23405.110 GC heap before
{Heap before GC invocations=93 (full 4):
 PSYoungGen      total 187392K, used 177548K [0x00000000e0000000, 0x00000000ec980000, 0x0000000100000000)
  eden space 171520K, 100% used [0x00000000e0000000,0x00000000ea780000,0x00000000ea780000)
  from space 15872K, 37% used [0x00000000eba00000,0x00000000ebfe31d0,0x00000000ec980000)
  to   space 17408K, 0% used [0x00000000ea780000,0x00000000ea780000,0x00000000eb880000)
 ParOldGen       total 344576K, used 60313K [0x00000000a0000000, 0x00000000b5080000, 0x00000000e0000000)
  object space 344576K, 17% used [0x00000000a0000000,0x00000000a3ae67b0,0x00000000b5080000)
 Metaspace       used 87523K, capacity 97858K, committed 99404K, reserved 1134592K
  class space    used 10985K, capacity 13673K, committed 13952K, reserved 1048576K
Event: 23405.118 GC heap after
Heap after GC invocations=93 (full 4):
 PSYoungGen      total 188928K, used 8896K [0x00000000e0000000, 0x00000000ecc80000, 0x0000000100000000)
  eden space 171520K, 0% used [0x00000000e0000000,0x00000000e0000000,0x00000000ea780000)
  from space 17408K, 51% used [0x00000000ea780000,0x00000000eb0303b0,0x00000000eb880000)
  to   space 16896K, 0% used [0x00000000ebc00000,0x00000000ebc00000,0x00000000ecc80000)
 ParOldGen       total 344576K, used 60585K [0x00000000a0000000, 0x00000000b5080000, 0x00000000e0000000)
  object space 344576K, 17% used [0x00000000a0000000,0x00000000a3b2a630,0x00000000b5080000)
 Metaspace       used 87523K, capacity 97858K, committed 99404K, reserved 1134592K
  class space    used 10985K, capacity 13673K, committed 13952K, reserved 1048576K
}

